<?xml version="1.0" encoding="UTF-8"?>
<!-- Generated by org.testng.reporters.JUnitXMLReporter -->
<testsuite hostname="SANDEEPINI" name="Test" tests="6" failures="0" timestamp="22 May 2020 03:03:09 GMT" time="0.138" errors="0">
  <testcase name="testCreateCustomer" time="0.056" classname="qsp.CreateCustomer"/>
  <testcase name="testModifyCustomer" time="0.002" classname="qsp.CreateCustomer"/>
  <testcase name="testDemo" time="0.002" classname="qsp.TestDemo"/>
  <testcase name="testDemo1" time="0.004" classname="qsp.TestDemo"/>
  <testcase name="testDemo2" time="0.004" classname="qsp.TestDemo"/>
  <testcase name="testDeleteCustomer" time="0.006" classname="qsp.DeleteCustomer"/>
</testsuite> <!-- Test -->
