<?xml version="1.0" encoding="UTF-8"?>
<!-- Generated by org.testng.reporters.JUnitXMLReporter -->
<testsuite hostname="DESKTOP-GDI9CJ3" ignored="0" name="Default test" tests="2" failures="0" timestamp="10 Mar 2021 12:34:15 GMT" time="31.746" errors="0">
  <testcase name="testInvalidLogin" time="15.092" classname="com.actitime.testscripts.DemoDataprovider"/>
  <testcase name="testInvalidLogin" time="16.62" classname="com.actitime.testscripts.DemoDataprovider"/>
</testsuite> <!-- Default test -->
