<?xml version="1.0" encoding="UTF-8"?>
<testng-results skipped="0" failed="0" ignored="0" total="1" passed="1">
  <reporter-output>
    <line>
      <![CDATA[ProjectModule]]>
    </line>
  </reporter-output>
  <suite name="Default suite" duration-ms="62" started-at="2021-03-11T11:10:30Z" finished-at="2021-03-11T11:10:30Z">
    <groups>
    </groups>
    <test name="Default test" duration-ms="62" started-at="2021-03-11T11:10:30Z" finished-at="2021-03-11T11:10:30Z">
      <class name="com.actitime.testscripts.ProjectModule">
        <test-method status="PASS" signature="testCreateProject()[pri:0, instance:com.actitime.testscripts.ProjectModule@29ee9faa]" name="testCreateProject" duration-ms="29" started-at="2021-03-11T11:10:30Z" finished-at="2021-03-11T11:10:30Z">
          <reporter-output>
            <line>
              <![CDATA[ProjectModule]]>
            </line>
          </reporter-output>
        </test-method> <!-- testCreateProject -->
      </class> <!-- com.actitime.testscripts.ProjectModule -->
    </test> <!-- Default test -->
  </suite> <!-- Default suite -->
</testng-results>
