<?xml version="1.0" encoding="UTF-8"?>
<testng-results skipped="0" failed="0" ignored="0" total="2" passed="2">
  <reporter-output>
  </reporter-output>
  <suite name="Default suite" duration-ms="31746" started-at="2021-03-10T12:33:43Z" finished-at="2021-03-10T12:34:15Z">
    <groups>
    </groups>
    <test name="Default test" duration-ms="31746" started-at="2021-03-10T12:33:43Z" finished-at="2021-03-10T12:34:15Z">
      <class name="com.actitime.testscripts.DemoDataprovider">
        <test-method status="PASS" signature="testInvalidLogin(java.lang.String, java.lang.String)[pri:0, instance:com.actitime.testscripts.DemoDataprovider@475530b9]" name="testInvalidLogin" duration-ms="15092" started-at="2021-03-10T12:33:43Z" data-provider="getInvalidLogin" finished-at="2021-03-10T12:33:58Z">
          <params>
            <param index="0">
              <value>
                <![CDATA[admin1]]>
              </value>
            </param>
            <param index="1">
              <value>
                <![CDATA[manager1]]>
              </value>
            </param>
          </params>
          <reporter-output>
          </reporter-output>
        </test-method> <!-- testInvalidLogin -->
        <test-method status="PASS" signature="testInvalidLogin(java.lang.String, java.lang.String)[pri:0, instance:com.actitime.testscripts.DemoDataprovider@475530b9]" name="testInvalidLogin" duration-ms="16620" started-at="2021-03-10T12:33:58Z" data-provider="getInvalidLogin" finished-at="2021-03-10T12:34:15Z">
          <params>
            <param index="0">
              <value>
                <![CDATA[admin2]]>
              </value>
            </param>
            <param index="1">
              <value>
                <![CDATA[manager2]]>
              </value>
            </param>
          </params>
          <reporter-output>
          </reporter-output>
        </test-method> <!-- testInvalidLogin -->
      </class> <!-- com.actitime.testscripts.DemoDataprovider -->
    </test> <!-- Default test -->
  </suite> <!-- Default suite -->
</testng-results>
